<?xml version="1.0" encoding="UTF-8"?>
<testsuite xmlns:xsi="http://www.w3.org/2001/XMLSchema-instance" xsi:noNamespaceSchemaLocation="https://maven.apache.org/surefire/maven-surefire-plugin/xsd/surefire-test-report.xsd" name="runner.TestRunner" time="5.68" tests="35" errors="0" skipped="15" failures="10">
  <properties>
    <property name="sun.desktop" value="windows"/>
    <property name="awt.toolkit" value="sun.awt.windows.WToolkit"/>
    <property name="file.encoding.pkg" value="sun.io"/>
    <property name="java.specification.version" value="1.8"/>
    <property name="sun.cpu.isalist" value="amd64"/>
    <property name="sun.jnu.encoding" value="Cp1252"/>
    <property name="java.class.path" value="C:\Users\sathi\eclipse-workspace\Framework\target\test-classes;C:\Users\sathi\eclipse-workspace\Framework\target\classes;C:\Users\sathi\.m2\repository\com\googlecode\json-simple\json-simple\1.1\json-simple-1.1.jar;C:\Users\sathi\.m2\repository\junit\junit\4.12\junit-4.12.jar;C:\Users\sathi\.m2\repository\org\hamcrest\hamcrest-core\1.3\hamcrest-core-1.3.jar;C:\Users\sathi\.m2\repository\io\rest-assured\rest-assured\4.2.0\rest-assured-4.2.0.jar;C:\Users\sathi\.m2\repository\org\codehaus\groovy\groovy\2.5.8\groovy-2.5.8.jar;C:\Users\sathi\.m2\repository\org\codehaus\groovy\groovy-xml\2.5.8\groovy-xml-2.5.8.jar;C:\Users\sathi\.m2\repository\org\apache\httpcomponents\httpclient\4.5.3\httpclient-4.5.3.jar;C:\Users\sathi\.m2\repository\org\apache\httpcomponents\httpcore\4.4.6\httpcore-4.4.6.jar;C:\Users\sathi\.m2\repository\commons-logging\commons-logging\1.2\commons-logging-1.2.jar;C:\Users\sathi\.m2\repository\org\apache\httpcomponents\httpmime\4.5.3\httpmime-4.5.3.jar;C:\Users\sathi\.m2\repository\org\hamcrest\hamcrest\2.1\hamcrest-2.1.jar;C:\Users\sathi\.m2\repository\org\ccil\cowan\tagsoup\tagsoup\1.2.1\tagsoup-1.2.1.jar;C:\Users\sathi\.m2\repository\io\rest-assured\json-path\4.2.0\json-path-4.2.0.jar;C:\Users\sathi\.m2\repository\org\codehaus\groovy\groovy-json\2.5.8\groovy-json-2.5.8.jar;C:\Users\sathi\.m2\repository\io\rest-assured\rest-assured-common\4.2.0\rest-assured-common-4.2.0.jar;C:\Users\sathi\.m2\repository\io\rest-assured\xml-path\4.2.0\xml-path-4.2.0.jar;C:\Users\sathi\.m2\repository\org\apache\commons\commons-lang3\3.4\commons-lang3-3.4.jar;C:\Users\sathi\.m2\repository\jakarta\xml\bind\jakarta.xml.bind-api\2.3.2\jakarta.xml.bind-api-2.3.2.jar;C:\Users\sathi\.m2\repository\jakarta\activation\jakarta.activation-api\1.2.1\jakarta.activation-api-1.2.1.jar;C:\Users\sathi\.m2\repository\com\sun\xml\bind\jaxb-osgi\2.3.0.1\jaxb-osgi-2.3.0.1.jar;C:\Users\sathi\.m2\repository\org\apache\sling\org.apache.sling.javax.activation\0.1.0\org.apache.sling.javax.activation-0.1.0.jar;C:\Users\sathi\.m2\repository\javax\activation\activation\1.1.1\activation-1.1.1.jar;C:\Users\sathi\.m2\repository\org\apache\poi\poi\4.1.2\poi-4.1.2.jar;C:\Users\sathi\.m2\repository\commons-codec\commons-codec\1.13\commons-codec-1.13.jar;C:\Users\sathi\.m2\repository\org\apache\commons\commons-collections4\4.4\commons-collections4-4.4.jar;C:\Users\sathi\.m2\repository\org\apache\commons\commons-math3\3.6.1\commons-math3-3.6.1.jar;C:\Users\sathi\.m2\repository\com\zaxxer\SparseBitSet\1.2\SparseBitSet-1.2.jar;C:\Users\sathi\.m2\repository\org\apache\poi\poi-ooxml\4.1.2\poi-ooxml-4.1.2.jar;C:\Users\sathi\.m2\repository\org\apache\poi\poi-ooxml-schemas\4.1.2\poi-ooxml-schemas-4.1.2.jar;C:\Users\sathi\.m2\repository\org\apache\xmlbeans\xmlbeans\3.1.0\xmlbeans-3.1.0.jar;C:\Users\sathi\.m2\repository\org\apache\commons\commons-compress\1.19\commons-compress-1.19.jar;C:\Users\sathi\.m2\repository\com\github\virtuald\curvesapi\1.06\curvesapi-1.06.jar;C:\Users\sathi\.m2\repository\com\fasterxml\jackson\core\jackson-databind\2.11.3\jackson-databind-2.11.3.jar;C:\Users\sathi\.m2\repository\com\fasterxml\jackson\core\jackson-annotations\2.11.3\jackson-annotations-2.11.3.jar;C:\Users\sathi\.m2\repository\com\fasterxml\jackson\core\jackson-core\2.11.3\jackson-core-2.11.3.jar;C:\Users\sathi\.m2\repository\info\cukes\cucumber-junit\1.2.5\cucumber-junit-1.2.5.jar;C:\Users\sathi\.m2\repository\info\cukes\cucumber-core\1.2.5\cucumber-core-1.2.5.jar;C:\Users\sathi\.m2\repository\info\cukes\cucumber-html\0.2.3\cucumber-html-0.2.3.jar;C:\Users\sathi\.m2\repository\info\cukes\gherkin\2.12.2\gherkin-2.12.2.jar;C:\Users\sathi\.m2\repository\info\cukes\cucumber-java\1.2.5\cucumber-java-1.2.5.jar;C:\Users\sathi\.m2\repository\info\cukes\cucumber-jvm-deps\1.0.5\cucumber-jvm-deps-1.0.5.jar;C:\Users\sathi\.m2\repository\com\aventstack\extentreports\3.0.7\extentreports-3.0.7.jar;C:\Users\sathi\.m2\repository\org\freemarker\freemarker\2.3.23\freemarker-2.3.23.jar;C:\Users\sathi\.m2\repository\org\mongodb\mongodb-driver\3.3.0\mongodb-driver-3.3.0.jar;C:\Users\sathi\.m2\repository\org\mongodb\bson\3.3.0\bson-3.3.0.jar;C:\Users\sathi\.m2\repository\org\mongodb\mongodb-driver-core\3.3.0\mongodb-driver-core-3.3.0.jar;C:\Users\sathi\.m2\repository\org\jsoup\jsoup\1.9.2\jsoup-1.9.2.jar;C:\Users\sathi\.m2\repository\com\vimalselvam\cucumber-extentsreport\3.0.1\cucumber-extentsreport-3.0.1.jar;C:\Users\sathi\.m2\repository\commons-io\commons-io\2.6\commons-io-2.6.jar;C:\Users\sathi\.m2\repository\com\google\code\gson\gson\2.8.6\gson-2.8.6.jar;"/>
    <property name="java.vm.vendor" value="Oracle Corporation"/>
    <property name="sun.arch.data.model" value="64"/>
    <property name="user.variant" value=""/>
    <property name="java.vendor.url" value="http://java.oracle.com/"/>
    <property name="user.timezone" value=""/>
    <property name="java.vm.specification.version" value="1.8"/>
    <property name="os.name" value="Windows 10"/>
    <property name="user.country" value="IN"/>
    <property name="sun.java.launcher" value="SUN_STANDARD"/>
    <property name="sun.boot.library.path" value="C:\Program Files\Java\jdk1.8.0_202\jre\bin"/>
    <property name="sun.java.command" value="C:\Users\sathi\AppData\Local\Temp\surefire1353595663016271905\surefirebooter3726792612411781473.jar C:\Users\sathi\AppData\Local\Temp\surefire1353595663016271905 2021-01-05T17-55-55_173-jvmRun1 surefire8128893157053494913tmp surefire_01229799710555762303tmp"/>
    <property name="surefire.test.class.path" value="C:\Users\sathi\eclipse-workspace\Framework\target\test-classes;C:\Users\sathi\eclipse-workspace\Framework\target\classes;C:\Users\sathi\.m2\repository\com\googlecode\json-simple\json-simple\1.1\json-simple-1.1.jar;C:\Users\sathi\.m2\repository\junit\junit\4.12\junit-4.12.jar;C:\Users\sathi\.m2\repository\org\hamcrest\hamcrest-core\1.3\hamcrest-core-1.3.jar;C:\Users\sathi\.m2\repository\io\rest-assured\rest-assured\4.2.0\rest-assured-4.2.0.jar;C:\Users\sathi\.m2\repository\org\codehaus\groovy\groovy\2.5.8\groovy-2.5.8.jar;C:\Users\sathi\.m2\repository\org\codehaus\groovy\groovy-xml\2.5.8\groovy-xml-2.5.8.jar;C:\Users\sathi\.m2\repository\org\apache\httpcomponents\httpclient\4.5.3\httpclient-4.5.3.jar;C:\Users\sathi\.m2\repository\org\apache\httpcomponents\httpcore\4.4.6\httpcore-4.4.6.jar;C:\Users\sathi\.m2\repository\commons-logging\commons-logging\1.2\commons-logging-1.2.jar;C:\Users\sathi\.m2\repository\org\apache\httpcomponents\httpmime\4.5.3\httpmime-4.5.3.jar;C:\Users\sathi\.m2\repository\org\hamcrest\hamcrest\2.1\hamcrest-2.1.jar;C:\Users\sathi\.m2\repository\org\ccil\cowan\tagsoup\tagsoup\1.2.1\tagsoup-1.2.1.jar;C:\Users\sathi\.m2\repository\io\rest-assured\json-path\4.2.0\json-path-4.2.0.jar;C:\Users\sathi\.m2\repository\org\codehaus\groovy\groovy-json\2.5.8\groovy-json-2.5.8.jar;C:\Users\sathi\.m2\repository\io\rest-assured\rest-assured-common\4.2.0\rest-assured-common-4.2.0.jar;C:\Users\sathi\.m2\repository\io\rest-assured\xml-path\4.2.0\xml-path-4.2.0.jar;C:\Users\sathi\.m2\repository\org\apache\commons\commons-lang3\3.4\commons-lang3-3.4.jar;C:\Users\sathi\.m2\repository\jakarta\xml\bind\jakarta.xml.bind-api\2.3.2\jakarta.xml.bind-api-2.3.2.jar;C:\Users\sathi\.m2\repository\jakarta\activation\jakarta.activation-api\1.2.1\jakarta.activation-api-1.2.1.jar;C:\Users\sathi\.m2\repository\com\sun\xml\bind\jaxb-osgi\2.3.0.1\jaxb-osgi-2.3.0.1.jar;C:\Users\sathi\.m2\repository\org\apache\sling\org.apache.sling.javax.activation\0.1.0\org.apache.sling.javax.activation-0.1.0.jar;C:\Users\sathi\.m2\repository\javax\activation\activation\1.1.1\activation-1.1.1.jar;C:\Users\sathi\.m2\repository\org\apache\poi\poi\4.1.2\poi-4.1.2.jar;C:\Users\sathi\.m2\repository\commons-codec\commons-codec\1.13\commons-codec-1.13.jar;C:\Users\sathi\.m2\repository\org\apache\commons\commons-collections4\4.4\commons-collections4-4.4.jar;C:\Users\sathi\.m2\repository\org\apache\commons\commons-math3\3.6.1\commons-math3-3.6.1.jar;C:\Users\sathi\.m2\repository\com\zaxxer\SparseBitSet\1.2\SparseBitSet-1.2.jar;C:\Users\sathi\.m2\repository\org\apache\poi\poi-ooxml\4.1.2\poi-ooxml-4.1.2.jar;C:\Users\sathi\.m2\repository\org\apache\poi\poi-ooxml-schemas\4.1.2\poi-ooxml-schemas-4.1.2.jar;C:\Users\sathi\.m2\repository\org\apache\xmlbeans\xmlbeans\3.1.0\xmlbeans-3.1.0.jar;C:\Users\sathi\.m2\repository\org\apache\commons\commons-compress\1.19\commons-compress-1.19.jar;C:\Users\sathi\.m2\repository\com\github\virtuald\curvesapi\1.06\curvesapi-1.06.jar;C:\Users\sathi\.m2\repository\com\fasterxml\jackson\core\jackson-databind\2.11.3\jackson-databind-2.11.3.jar;C:\Users\sathi\.m2\repository\com\fasterxml\jackson\core\jackson-annotations\2.11.3\jackson-annotations-2.11.3.jar;C:\Users\sathi\.m2\repository\com\fasterxml\jackson\core\jackson-core\2.11.3\jackson-core-2.11.3.jar;C:\Users\sathi\.m2\repository\info\cukes\cucumber-junit\1.2.5\cucumber-junit-1.2.5.jar;C:\Users\sathi\.m2\repository\info\cukes\cucumber-core\1.2.5\cucumber-core-1.2.5.jar;C:\Users\sathi\.m2\repository\info\cukes\cucumber-html\0.2.3\cucumber-html-0.2.3.jar;C:\Users\sathi\.m2\repository\info\cukes\gherkin\2.12.2\gherkin-2.12.2.jar;C:\Users\sathi\.m2\repository\info\cukes\cucumber-java\1.2.5\cucumber-java-1.2.5.jar;C:\Users\sathi\.m2\repository\info\cukes\cucumber-jvm-deps\1.0.5\cucumber-jvm-deps-1.0.5.jar;C:\Users\sathi\.m2\repository\com\aventstack\extentreports\3.0.7\extentreports-3.0.7.jar;C:\Users\sathi\.m2\repository\org\freemarker\freemarker\2.3.23\freemarker-2.3.23.jar;C:\Users\sathi\.m2\repository\org\mongodb\mongodb-driver\3.3.0\mongodb-driver-3.3.0.jar;C:\Users\sathi\.m2\repository\org\mongodb\bson\3.3.0\bson-3.3.0.jar;C:\Users\sathi\.m2\repository\org\mongodb\mongodb-driver-core\3.3.0\mongodb-driver-core-3.3.0.jar;C:\Users\sathi\.m2\repository\org\jsoup\jsoup\1.9.2\jsoup-1.9.2.jar;C:\Users\sathi\.m2\repository\com\vimalselvam\cucumber-extentsreport\3.0.1\cucumber-extentsreport-3.0.1.jar;C:\Users\sathi\.m2\repository\commons-io\commons-io\2.6\commons-io-2.6.jar;C:\Users\sathi\.m2\repository\com\google\code\gson\gson\2.8.6\gson-2.8.6.jar;"/>
    <property name="sun.cpu.endian" value="little"/>
    <property name="user.home" value="C:\Users\sathi"/>
    <property name="user.language" value="en"/>
    <property name="java.specification.vendor" value="Oracle Corporation"/>
    <property name="java.home" value="C:\Program Files\Java\jdk1.8.0_202\jre"/>
    <property name="basedir" value="C:\Users\sathi\eclipse-workspace\Framework"/>
    <property name="file.separator" value="\"/>
    <property name="line.separator" value="&#10;"/>
    <property name="java.vm.specification.vendor" value="Oracle Corporation"/>
    <property name="java.specification.name" value="Java Platform API Specification"/>
    <property name="java.awt.graphicsenv" value="sun.awt.Win32GraphicsEnvironment"/>
    <property name="surefire.real.class.path" value="C:\Users\sathi\AppData\Local\Temp\surefire1353595663016271905\surefirebooter3726792612411781473.jar"/>
    <property name="sun.boot.class.path" value="C:\Program Files\Java\jdk1.8.0_202\jre\lib\resources.jar;C:\Program Files\Java\jdk1.8.0_202\jre\lib\rt.jar;C:\Program Files\Java\jdk1.8.0_202\jre\lib\sunrsasign.jar;C:\Program Files\Java\jdk1.8.0_202\jre\lib\jsse.jar;C:\Program Files\Java\jdk1.8.0_202\jre\lib\jce.jar;C:\Program Files\Java\jdk1.8.0_202\jre\lib\charsets.jar;C:\Program Files\Java\jdk1.8.0_202\jre\lib\jfr.jar;C:\Program Files\Java\jdk1.8.0_202\jre\classes"/>
    <property name="user.script" value=""/>
    <property name="sun.management.compiler" value="HotSpot 64-Bit Tiered Compilers"/>
    <property name="java.runtime.version" value="1.8.0_202-b08"/>
    <property name="user.name" value="sathi"/>
    <property name="path.separator" value=";"/>
    <property name="os.version" value="10.0"/>
    <property name="java.endorsed.dirs" value="C:\Program Files\Java\jdk1.8.0_202\jre\lib\endorsed"/>
    <property name="java.runtime.name" value="Java(TM) SE Runtime Environment"/>
    <property name="file.encoding" value="Cp1252"/>
    <property name="java.vm.name" value="Java HotSpot(TM) 64-Bit Server VM"/>
    <property name="localRepository" value="C:\Users\sathi\.m2\repository"/>
    <property name="java.vendor.url.bug" value="http://bugreport.sun.com/bugreport/"/>
    <property name="java.io.tmpdir" value="C:\Users\sathi\AppData\Local\Temp\"/>
    <property name="java.version" value="1.8.0_202"/>
    <property name="user.dir" value="C:\Users\sathi\eclipse-workspace\Framework"/>
    <property name="os.arch" value="amd64"/>
    <property name="java.vm.specification.name" value="Java Virtual Machine Specification"/>
    <property name="java.awt.printerjob" value="sun.awt.windows.WPrinterJob"/>
    <property name="sun.os.patch.level" value=""/>
    <property name="java.library.path" value="C:\Program Files\Java\jdk1.8.0_202\jre\bin;C:\Windows\Sun\Java\bin;C:\Windows\system32;C:\Windows;C:/Program Files/Java/jre1.8.0_202/bin/server;C:/Program Files/Java/jre1.8.0_202/bin;C:/Program Files/Java/jre1.8.0_202/lib/amd64;C:\Program Files\Microsoft MPI\Bin\;C:\Program Files (x86)\Common Files\Oracle\Java\javapath;C:\Windows\system32;C:\Windows;C:\Windows\System32\Wbem;C:\Windows\System32\WindowsPowerShell\v1.0\;C:\Windows\System32\OpenSSH\;C:\Program Files\Microsoft SQL Server\Client SDK\ODBC\170\Tools\Binn\;C:\Program Files (x86)\Microsoft SQL Server\150\Tools\Binn\;C:\Program Files\Microsoft SQL Server\150\Tools\Binn\;C:\Program Files\Microsoft SQL Server\150\DTS\Binn\;C:\Program Files\TortoiseGit\bin;C:\Program Files\Git\cmd;C:\Users\sathi\AppData\Roaming\npm\node_modules\newman;C:\Program Files\nodejs\;D:\apache-maven-3.6.3-bin\apache-maven-3.6.3\bin;C:\Users\sathi\AppData\Local\Microsoft\WindowsApps;C:\Program Files\Java\jdk1.8.0_202\bin;C:\Program Files\nodejs;C:\Users\sathi\AppData\Local\Programs\Microsoft VS Code\bin;D:\SeleniumWebdrivers;D:\apache-maven-3.6.3-bin\apache-maven-3.6.3\bin;C:\Users\sathi\AppData\Roaming\npm\node_modules\newman\bin;C:\Users\sathi\AppData\Roaming\npm;;C:\Users\sathi\Downloads\eclipse-jee-photon-R-win32-x86_64\eclipse;;."/>
    <property name="java.vm.info" value="mixed mode"/>
    <property name="java.vendor" value="Oracle Corporation"/>
    <property name="java.vm.version" value="25.202-b08"/>
    <property name="java.ext.dirs" value="C:\Program Files\Java\jdk1.8.0_202\jre\lib\ext;C:\Windows\Sun\Java\lib\ext"/>
    <property name="sun.io.unicode.encoding" value="UnicodeLittle"/>
    <property name="java.class.version" value="52.0"/>
  </properties>
  <testcase name="Given User creates the JSON for Cookie Authentication" classname="| Test Summary1 | Bug | Test Description1 | RES | sathish081192G | High |" time="0"/>
  <testcase name="When User hits Post Request for the Cookie Authentication with created JSON" classname="| Test Summary1 | Bug | Test Description1 | RES | sathish081192G | High |" time="0"/>
  <testcase name="Then JSESSIONID should be generated Successfully as Output" classname="| Test Summary1 | Bug | Test Description1 | RES | sathish081192G | High |" time="0.004">
    <failure message="expected:&lt;200&gt; but was:&lt;403&gt;" type="java.lang.AssertionError"><![CDATA[java.lang.AssertionError: expected:<200> but was:<403>
]]></failure>
  </testcase>
  <testcase name="| Test Summary1 | Bug | Test Description1 | RES | sathish081192G | High |" classname="| Test Summary1 | Bug | Test Description1 | RES | sathish081192G | High |" time="0.004">
    <failure message="expected:&lt;200&gt; but was:&lt;403&gt;" type="java.lang.AssertionError"><![CDATA[java.lang.AssertionError: expected:<200> but was:<403>
]]></failure>
  </testcase>
  <testcase name="Given User Create Input JSON for Defect Creation Test Summary1 and Bug and Test Description1 and RES and sathish081192G and High" classname="| Test Summary1 | Bug | Test Description1 | RES | sathish081192G | High |" time="0">
    <skipped/>
  </testcase>
  <testcase name="When User hits Post Request for Defect Creation with created JSON" classname="| Test Summary1 | Bug | Test Description1 | RES | sathish081192G | High |" time="0">
    <skipped/>
  </testcase>
  <testcase name="Then Defect Response should be validated and New DefectID should be generated Successfully" classname="| Test Summary1 | Bug | Test Description1 | RES | sathish081192G | High |" time="0">
    <skipped/>
  </testcase>
  <testcase name="Given User creates the JSON for Cookie Authentication" classname="| Test Summary2 | Bug | Test Description2 | RES | sathish081192G | Medium |" time="0"/>
  <testcase name="When User hits Post Request for the Cookie Authentication with created JSON" classname="| Test Summary2 | Bug | Test Description2 | RES | sathish081192G | Medium |" time="0"/>
  <testcase name="Then JSESSIONID should be generated Successfully as Output" classname="| Test Summary2 | Bug | Test Description2 | RES | sathish081192G | Medium |" time="0">
    <failure message="expected:&lt;200&gt; but was:&lt;403&gt;" type="java.lang.AssertionError"><![CDATA[java.lang.AssertionError: expected:<200> but was:<403>
]]></failure>
  </testcase>
  <testcase name="| Test Summary2 | Bug | Test Description2 | RES | sathish081192G | Medium |" classname="| Test Summary2 | Bug | Test Description2 | RES | sathish081192G | Medium |" time="0">
    <failure message="expected:&lt;200&gt; but was:&lt;403&gt;" type="java.lang.AssertionError"><![CDATA[java.lang.AssertionError: expected:<200> but was:<403>
]]></failure>
  </testcase>
  <testcase name="Given User Create Input JSON for Defect Creation Test Summary2 and Bug and Test Description2 and RES and sathish081192G and Medium" classname="| Test Summary2 | Bug | Test Description2 | RES | sathish081192G | Medium |" time="0">
    <skipped/>
  </testcase>
  <testcase name="When User hits Post Request for Defect Creation with created JSON" classname="| Test Summary2 | Bug | Test Description2 | RES | sathish081192G | Medium |" time="0">
    <skipped/>
  </testcase>
  <testcase name="Then Defect Response should be validated and New DefectID should be generated Successfully" classname="| Test Summary2 | Bug | Test Description2 | RES | sathish081192G | Medium |" time="0">
    <skipped/>
  </testcase>
  <testcase name="Given User creates the JSON for Cookie Authentication" classname="| Test Summary3 | Bug | Test Description3 | RES | sathish081192G | Low |" time="0"/>
  <testcase name="When User hits Post Request for the Cookie Authentication with created JSON" classname="| Test Summary3 | Bug | Test Description3 | RES | sathish081192G | Low |" time="0"/>
  <testcase name="Then JSESSIONID should be generated Successfully as Output" classname="| Test Summary3 | Bug | Test Description3 | RES | sathish081192G | Low |" time="0">
    <failure message="expected:&lt;200&gt; but was:&lt;403&gt;" type="java.lang.AssertionError"><![CDATA[java.lang.AssertionError: expected:<200> but was:<403>
]]></failure>
  </testcase>
  <testcase name="| Test Summary3 | Bug | Test Description3 | RES | sathish081192G | Low |" classname="| Test Summary3 | Bug | Test Description3 | RES | sathish081192G | Low |" time="0">
    <failure message="expected:&lt;200&gt; but was:&lt;403&gt;" type="java.lang.AssertionError"><![CDATA[java.lang.AssertionError: expected:<200> but was:<403>
]]></failure>
  </testcase>
  <testcase name="Given User Create Input JSON for Defect Creation Test Summary3 and Bug and Test Description3 and RES and sathish081192G and Low" classname="| Test Summary3 | Bug | Test Description3 | RES | sathish081192G | Low |" time="0">
    <skipped/>
  </testcase>
  <testcase name="When User hits Post Request for Defect Creation with created JSON" classname="| Test Summary3 | Bug | Test Description3 | RES | sathish081192G | Low |" time="0">
    <skipped/>
  </testcase>
  <testcase name="Then Defect Response should be validated and New DefectID should be generated Successfully" classname="| Test Summary3 | Bug | Test Description3 | RES | sathish081192G | Low |" time="0">
    <skipped/>
  </testcase>
  <testcase name="Given User creates the JSON for Cookie Authentication" classname="| Test Summary4 | Bug | Test Description4 | RES | sathish081192G | Medium |" time="0"/>
  <testcase name="When User hits Post Request for the Cookie Authentication with created JSON" classname="| Test Summary4 | Bug | Test Description4 | RES | sathish081192G | Medium |" time="0"/>
  <testcase name="Then JSESSIONID should be generated Successfully as Output" classname="| Test Summary4 | Bug | Test Description4 | RES | sathish081192G | Medium |" time="0.001">
    <failure message="expected:&lt;200&gt; but was:&lt;403&gt;" type="java.lang.AssertionError"><![CDATA[java.lang.AssertionError: expected:<200> but was:<403>
]]></failure>
  </testcase>
  <testcase name="| Test Summary4 | Bug | Test Description4 | RES | sathish081192G | Medium |" classname="| Test Summary4 | Bug | Test Description4 | RES | sathish081192G | Medium |" time="0.001">
    <failure message="expected:&lt;200&gt; but was:&lt;403&gt;" type="java.lang.AssertionError"><![CDATA[java.lang.AssertionError: expected:<200> but was:<403>
]]></failure>
  </testcase>
  <testcase name="Given User Create Input JSON for Defect Creation Test Summary4 and Bug and Test Description4 and RES and sathish081192G and Medium" classname="| Test Summary4 | Bug | Test Description4 | RES | sathish081192G | Medium |" time="0">
    <skipped/>
  </testcase>
  <testcase name="When User hits Post Request for Defect Creation with created JSON" classname="| Test Summary4 | Bug | Test Description4 | RES | sathish081192G | Medium |" time="0">
    <skipped/>
  </testcase>
  <testcase name="Then Defect Response should be validated and New DefectID should be generated Successfully" classname="| Test Summary4 | Bug | Test Description4 | RES | sathish081192G | Medium |" time="0">
    <skipped/>
  </testcase>
  <testcase name="Given User creates the JSON for Cookie Authentication" classname="| Test Summary5 | Bug | Test Description5 | RES | sathish081192G | High |" time="0"/>
  <testcase name="When User hits Post Request for the Cookie Authentication with created JSON" classname="| Test Summary5 | Bug | Test Description5 | RES | sathish081192G | High |" time="0"/>
  <testcase name="Then JSESSIONID should be generated Successfully as Output" classname="| Test Summary5 | Bug | Test Description5 | RES | sathish081192G | High |" time="0">
    <failure message="expected:&lt;200&gt; but was:&lt;403&gt;" type="java.lang.AssertionError"><![CDATA[java.lang.AssertionError: expected:<200> but was:<403>
]]></failure>
  </testcase>
  <testcase name="| Test Summary5 | Bug | Test Description5 | RES | sathish081192G | High |" classname="| Test Summary5 | Bug | Test Description5 | RES | sathish081192G | High |" time="0.001">
    <failure message="expected:&lt;200&gt; but was:&lt;403&gt;" type="java.lang.AssertionError"><![CDATA[java.lang.AssertionError: expected:<200> but was:<403>
]]></failure>
  </testcase>
  <testcase name="Given User Create Input JSON for Defect Creation Test Summary5 and Bug and Test Description5 and RES and sathish081192G and High" classname="| Test Summary5 | Bug | Test Description5 | RES | sathish081192G | High |" time="0">
    <skipped/>
  </testcase>
  <testcase name="When User hits Post Request for Defect Creation with created JSON" classname="| Test Summary5 | Bug | Test Description5 | RES | sathish081192G | High |" time="0">
    <skipped/>
  </testcase>
  <testcase name="Then Defect Response should be validated and New DefectID should be generated Successfully" classname="| Test Summary5 | Bug | Test Description5 | RES | sathish081192G | High |" time="0">
    <skipped/>
  </testcase>
</testsuite>